0 info it worked if it ends with ok
1 verbose cli [
1 verbose cli   '/Users/lizyrineo/.nvm/versions/node/v12.16.1/bin/node',
1 verbose cli   '/Users/lizyrineo/.nvm/versions/node/v12.16.1/bin/npm',
1 verbose cli   'run',
1 verbose cli   'start'
1 verbose cli ]
2 info using npm@6.13.4
3 info using node@v12.16.1
4 verbose run-script [ 'prestart', 'start', 'poststart' ]
5 info lifecycle o-i-love-that-book@0.1.0~prestart: o-i-love-that-book@0.1.0
6 info lifecycle o-i-love-that-book@0.1.0~start: o-i-love-that-book@0.1.0
7 verbose lifecycle o-i-love-that-book@0.1.0~start: unsafe-perm in lifecycle true
8 verbose lifecycle o-i-love-that-book@0.1.0~start: PATH: /Users/lizyrineo/.nvm/versions/node/v12.16.1/lib/node_modules/npm/node_modules/npm-lifecycle/node-gyp-bin:/Users/lizyrineo/General_Assembly/SEI/Unit_2/P2/o-i-love-that-book/node_modules/.bin:/Users/lizyrineo/.nvm/versions/node/v12.16.1/bin:/usr/local/bin:/usr/bin:/bin:/usr/sbin:/sbin:/Library/Apple/usr/bin
9 verbose lifecycle o-i-love-that-book@0.1.0~start: CWD: /Users/lizyrineo/General_Assembly/SEI/Unit_2/P2/o-i-love-that-book
10 silly lifecycle o-i-love-that-book@0.1.0~start: Args: [ '-c', 'react-scripts start' ]
11 timing npm Completed in 2484381ms
12 error cb() never called!
13 error This is an error with npm itself. Please report this error at:
14 error <https://npm.community>
